[debug] > Exec(early(addDefaultCommands), None, None)
[debug] > Exec(addDefaultCommands, None, None)
[debug] > Exec(early(initialize), None, None)
[debug] > Exec(initialize, None, None)
[debug] > Exec(boot, None, None)
[debug] > Exec(writeSbtVersion, None, None)
[warn] No sbt.version set in project/build.properties, base directory: D:\Downloads\scala\naumen.scala.course.2025.spring\homeworks\homework_1\task_3
[debug] > Exec(reload, None, None)
[debug] > Exec(sbtStashOnFailure, None, None)
[debug] > Exec(onFailure loadFailed, None, None)
[debug] > Exec(loadp, None, None)
[info] welcome to sbt 1.10.3 (Oracle Corporation Java 23.0.2)
[debug] Load.defaultLoad until apply took 122.3647ms
[debug]     Load.loadUnit: plugins took 65.3096ms
[debug]     Load.loadUnit: defsScala took 0.3089ms
[debug] [Loading] Scanning directory D:\Downloads\scala\naumen.scala.course.2025.spring\homeworks\homework_1\task_3
[debug] [Loading] Found non-root projects 
[debug] [Loading] Done in D:\Downloads\scala\naumen.scala.course.2025.spring\homeworks\homework_1\task_3, returning: ()
[debug] deducing auto plugins based on known facts Set(Atom(sbt.plugins.CorePlugin)) and clauses Clauses(Clause(Atom(sbt.plugins.JvmPlugin),Set(Atom(sbt.plugins.IvyPlugin)))
[debug] Clause(Atom(sbt.ScriptedPlugin),Set(Atom(sbt.plugins.JvmPlugin)))
[debug] Clause(Atom(sbt.plugins.SbtPlugin),Set(Atom(sbt.ScriptedPlugin)))
[debug] Clause(Atom(sbt.plugins.SemanticdbPlugin),Set(Atom(sbt.plugins.JvmPlugin)))
[debug] Clause(Atom(sbt.plugins.JUnitXmlReportPlugin),Set(Atom(sbt.plugins.JvmPlugin)))
[debug] Clause(Atom(sbt.plugins.MiniDependencyTreePlugin),Set(Atom(sbt.plugins.JvmPlugin)))
[debug] Clause(Atom(sbt.plugins.CorePlugin),Set(Atom(sbt.plugins.IvyPlugin)))
[debug] Clause(Atom(sbt.plugins.IvyPlugin),Set(Atom(sbt.plugins.JvmPlugin)))
[debug] Clause(Atom(sbt.plugins.JvmPlugin),Set(Atom(sbt.plugins.SemanticdbPlugin)))
[debug] Clause(Atom(sbt.plugins.JvmPlugin),Set(Atom(sbt.plugins.JUnitXmlReportPlugin)))
[debug] Clause(Atom(sbt.plugins.CorePlugin),Set(Atom(sbt.plugins.Giter8TemplatePlugin)))
[debug] Clause(Atom(sbt.plugins.JvmPlugin),Set(Atom(sbt.plugins.MiniDependencyTreePlugin))))
[debug]   :: deduced result: Matched(sbt.plugins.CorePlugin,sbt.plugins.Giter8TemplatePlugin,sbt.plugins.IvyPlugin,sbt.plugins.JvmPlugin,sbt.plugins.MiniDependencyTreePlugin,sbt.plugins.JUnitXmlReportPlugin,sbt.plugins.SemanticdbPlugin)
[debug] Plugins.deducer#function took 19.487 ms
[debug]         Load.resolveProject(task_3) took 46.4802ms
[debug]       Load.loadTransitive: finalizeProject(Project(id task_3, base: D:\Downloads\scala\naumen.scala.course.2025.spring\homeworks\homework_1\task_3, plugins: List(<none>))) took 88.9481ms
[debug] [Loading] Done in D:\Downloads\scala\naumen.scala.course.2025.spring\homeworks\homework_1\task_3, returning: (task_3)
[debug]     Load.loadUnit: loadedProjectsRaw took 111.9197ms
[debug]     Load.loadUnit: cleanEvalClasses took 0.1796ms
[debug]   Load.loadUnit(file:/D:/Downloads/scala/naumen.scala.course.2025.spring/homeworks/homework_1/task_3/, ...) took 184.9927ms
[debug] Load.apply: load took 393.0657ms
[debug] Load.apply: resolveProjects took 6.0488ms
[debug] Load.apply: finalTransforms took 50.8393ms
[debug] Load.apply: config.delegates took 6.7078ms
[debug] Load.apply: Def.make(settings)... took 335.6ms
[debug] Load.apply: structureIndex took 86.9659ms
[debug] Load.apply: mkStreams took 1.4017ms
[info] set current project to task_3 (in build file:/D:/Downloads/scala/naumen.scala.course.2025.spring/homeworks/homework_1/task_3/)
[debug] > Exec(sbtPopOnFailure, None, None)
[debug] > Exec(resumeFromFailure, None, None)
[debug] > Exec(notifyUsersAboutShell, None, None)
[debug] > Exec(iflast shell, None, None)
[debug] > Exec(shell, None, None)
[info] sbt server started at local:sbt-server-b0b9ced4f20a391999ec
[debug] Writing bsp connection file
