[debug] > Exec(~test, None, None)
[info] sbt server started at local:sbt-server-bb130f21ac0b31cc27bb
[debug] Writing bsp connection file
[info] started sbt server
[debug] > Exec(__runWatch console0, None, None)
[debug] > Exec(sbtStashOnFailure, None, None)
[debug] > Exec(__preWatch console0, None, None)
[debug] > Exec(test, None, None)
[debug] Evaluating tasks: Test / test
[debug] Running task... Cancel: Signal, check cycles: false, forcegc: true
[info] compiling 4 Scala sources to C:\Users\HappyGoga\Desktop\naumen.scala.course.2025.spring-full\naumen.scala.course.2025.spring\homeworks\homework_6\target\scala-2.13\classes ...
[info] done compiling
[info] compiling 2 Scala sources to C:\Users\HappyGoga\Desktop\naumen.scala.course.2025.spring-full\naumen.scala.course.2025.spring\homeworks\homework_6\target\scala-2.13\test-classes ...
[info] done compiling
[info] Completed tests
[success] Total time: 11 s, completed 22 мая 2025 г., 19:09:53
[debug] > Exec(resumeFromFailure, None, None)
[debug] > Exec(sbtPopOnFailure, None, None)
[debug] > Exec(__postWatch console0, None, None)
[debug] > Exec(__waitWatch console0, None, None)
